Compiled jquery.js  (2ms)  (pid 3842)
Compiled jquery-ui.js  (3ms)  (pid 3842)
Compiled jquery_ujs.js  (0ms)  (pid 3842)
Compiled pages.js  (117ms)  (pid 3842)
Compiled sessions.js  (98ms)  (pid 3842)
Compiled tags.js  (81ms)  (pid 3842)
Compiled topics.js  (77ms)  (pid 3842)
Compiled users.js  (67ms)  (pid 3842)
Compiled application.js  (538ms)  (pid 3842)
Compiled custom.css  (0ms)  (pid 3842)
Compiled pages.css  (17ms)  (pid 3842)
Compiled sessions.css  (1ms)  (pid 3842)
Compiled users.css  (1ms)  (pid 3842)
Compiled application.css  (48ms)  (pid 3842)
Compiled jquery.js  (2ms)  (pid 3857)
Compiled jquery-ui.js  (31ms)  (pid 3857)
Compiled jquery_ujs.js  (0ms)  (pid 3857)
Compiled pages.js  (76ms)  (pid 3857)
Compiled sessions.js  (100ms)  (pid 3857)
Compiled tags.js  (83ms)  (pid 3857)
Compiled topics.js  (84ms)  (pid 3857)
Compiled users.js  (83ms)  (pid 3857)
Compiled application.js  (528ms)  (pid 3857)
Compiled custom.css  (0ms)  (pid 3857)
Compiled pages.css  (15ms)  (pid 3857)
Compiled sessions.css  (1ms)  (pid 3857)
Compiled users.css  (1ms)  (pid 3857)
Compiled application.css  (39ms)  (pid 3857)
Compiled backup  (1ms)  (pid 3857)
